<?xml version="1.0" encoding="UTF-8"?>
<testng-results skipped="0" failed="0" ignored="0" total="2" passed="2">
  <reporter-output>
  </reporter-output>
  <suite name="Suite" duration-ms="29241" started-at="2021-10-23T17:21:21 IST" finished-at="2021-10-23T17:21:50 IST">
    <groups>
    </groups>
    <test name="Test" duration-ms="29241" started-at="2021-10-23T17:21:21 IST" finished-at="2021-10-23T17:21:50 IST">
      <class name="com.gcreddyClasses.selenium.LoggerClass.Dress_Selection">
        <test-method status="PASS" signature="intiliaseFiles()[pri:0, instance:com.gcreddyClasses.selenium.LoggerClass.Dress_Selection@57536d79]" name="intiliaseFiles" is-config="true" duration-ms="224" started-at="2021-10-23T17:21:20 IST" finished-at="2021-10-23T17:21:21 IST">
          <reporter-output>
          </reporter-output>
        </test-method> <!-- intiliaseFiles -->
        <test-method status="PASS" signature="loginActions_validData()[pri:0, instance:com.gcreddyClasses.selenium.LoggerClass.Dress_Selection@57536d79]" name="loginActions_validData" is-config="true" duration-ms="28323" started-at="2021-10-23T17:21:21 IST" finished-at="2021-10-23T17:21:49 IST">
          <reporter-output>
          </reporter-output>
        </test-method> <!-- loginActions_validData -->
        <test-method status="PASS" signature="DressSelection()[pri:0, instance:com.gcreddyClasses.selenium.LoggerClass.Dress_Selection@57536d79]" name="DressSelection" duration-ms="2" started-at="2021-10-23T17:21:49 IST" finished-at="2021-10-23T17:21:49 IST">
          <reporter-output>
          </reporter-output>
        </test-method> <!-- DressSelection -->
        <test-method status="PASS" signature="endTest()[pri:0, instance:com.gcreddyClasses.selenium.LoggerClass.Dress_Selection@57536d79]" name="endTest" is-config="true" duration-ms="3" started-at="2021-10-23T17:21:49 IST" finished-at="2021-10-23T17:21:49 IST">
          <reporter-output>
          </reporter-output>
        </test-method> <!-- endTest -->
        <test-method status="PASS" signature="FLushReports()[pri:0, instance:com.gcreddyClasses.selenium.LoggerClass.Dress_Selection@57536d79]" name="FLushReports" is-config="true" duration-ms="820" started-at="2021-10-23T17:21:49 IST" finished-at="2021-10-23T17:21:50 IST">
          <reporter-output>
          </reporter-output>
        </test-method> <!-- FLushReports -->
      </class> <!-- com.gcreddyClasses.selenium.LoggerClass.Dress_Selection -->
    </test> <!-- Test -->
  </suite> <!-- Suite -->
  <suite name="Suite (0)" duration-ms="25230" started-at="2021-10-23T17:21:50 IST" finished-at="2021-10-23T17:22:15 IST">
    <groups>
    </groups>
    <test name="Test" duration-ms="25230" started-at="2021-10-23T17:21:50 IST" finished-at="2021-10-23T17:22:15 IST">
      <class name="com.gcreddyClasses.selenium.LoggerClass.Dress_Selection">
        <test-method status="PASS" signature="intiliaseFiles()[pri:0, instance:com.gcreddyClasses.selenium.LoggerClass.Dress_Selection@79be0360]" name="intiliaseFiles" is-config="true" duration-ms="8" started-at="2021-10-23T17:21:50 IST" finished-at="2021-10-23T17:21:50 IST">
          <reporter-output>
          </reporter-output>
        </test-method> <!-- intiliaseFiles -->
        <test-method status="PASS" signature="loginActions_validData()[pri:0, instance:com.gcreddyClasses.selenium.LoggerClass.Dress_Selection@79be0360]" name="loginActions_validData" is-config="true" duration-ms="25099" started-at="2021-10-23T17:21:50 IST" finished-at="2021-10-23T17:22:15 IST">
          <reporter-output>
          </reporter-output>
        </test-method> <!-- loginActions_validData -->
        <test-method status="PASS" signature="endTest()[pri:0, instance:com.gcreddyClasses.selenium.LoggerClass.Dress_Selection@79be0360]" name="endTest" is-config="true" duration-ms="1" started-at="2021-10-23T17:22:15 IST" finished-at="2021-10-23T17:22:15 IST">
          <reporter-output>
          </reporter-output>
        </test-method> <!-- endTest -->
        <test-method status="PASS" signature="DressSelection()[pri:0, instance:com.gcreddyClasses.selenium.LoggerClass.Dress_Selection@79be0360]" name="DressSelection" duration-ms="0" started-at="2021-10-23T17:22:15 IST" finished-at="2021-10-23T17:22:15 IST">
          <reporter-output>
          </reporter-output>
        </test-method> <!-- DressSelection -->
        <test-method status="PASS" signature="FLushReports()[pri:0, instance:com.gcreddyClasses.selenium.LoggerClass.Dress_Selection@79be0360]" name="FLushReports" is-config="true" duration-ms="126" started-at="2021-10-23T17:22:15 IST" finished-at="2021-10-23T17:22:15 IST">
          <reporter-output>
          </reporter-output>
        </test-method> <!-- FLushReports -->
      </class> <!-- com.gcreddyClasses.selenium.LoggerClass.Dress_Selection -->
    </test> <!-- Test -->
  </suite> <!-- Suite (0) -->
</testng-results>
