<?xml version="1.0" encoding="UTF-8"?>
<testng-results ignored="0" total="1" passed="1" failed="0" skipped="0">
  <reporter-output>
  </reporter-output>
  <suite started-at="2021-10-23T17:10:02 IST" name="Default suite" finished-at="2021-10-23T17:10:29 IST" duration-ms="27569">
    <groups>
    </groups>
    <test started-at="2021-10-23T17:10:02 IST" name="Default test" finished-at="2021-10-23T17:10:29 IST" duration-ms="27569">
      <class name="com.gcreddyClasses.selenium.LoggerClass.Dress_Selection">
        <test-method is-config="true" signature="intiliaseFiles()[pri:0, instance:com.gcreddyClasses.selenium.LoggerClass.Dress_Selection@3e84448c]" started-at="2021-10-23T17:10:01 IST" name="intiliaseFiles" finished-at="2021-10-23T17:10:02 IST" duration-ms="409" status="PASS">
          <reporter-output>
          </reporter-output>
        </test-method> <!-- intiliaseFiles -->
        <test-method is-config="true" signature="loginActions_validData()[pri:0, instance:com.gcreddyClasses.selenium.LoggerClass.Dress_Selection@3e84448c]" started-at="2021-10-23T17:10:02 IST" name="loginActions_validData" finished-at="2021-10-23T17:10:29 IST" duration-ms="26657" status="PASS">
          <reporter-output>
          </reporter-output>
        </test-method> <!-- loginActions_validData -->
        <test-method signature="DressSelection()[pri:0, instance:com.gcreddyClasses.selenium.LoggerClass.Dress_Selection@3e84448c]" started-at="2021-10-23T17:10:29 IST" name="DressSelection" finished-at="2021-10-23T17:10:29 IST" duration-ms="11" status="PASS">
          <reporter-output>
          </reporter-output>
        </test-method> <!-- DressSelection -->
        <test-method is-config="true" signature="endTest()[pri:0, instance:com.gcreddyClasses.selenium.LoggerClass.Dress_Selection@3e84448c]" started-at="2021-10-23T17:10:29 IST" name="endTest" finished-at="2021-10-23T17:10:29 IST" duration-ms="6" status="PASS">
          <reporter-output>
          </reporter-output>
        </test-method> <!-- endTest -->
        <test-method is-config="true" signature="FLushReports()[pri:0, instance:com.gcreddyClasses.selenium.LoggerClass.Dress_Selection@3e84448c]" started-at="2021-10-23T17:10:29 IST" name="FLushReports" finished-at="2021-10-23T17:10:29 IST" duration-ms="781" status="PASS">
          <reporter-output>
          </reporter-output>
        </test-method> <!-- FLushReports -->
      </class> <!-- com.gcreddyClasses.selenium.LoggerClass.Dress_Selection -->
    </test> <!-- Default test -->
  </suite> <!-- Default suite -->
</testng-results>
