<?xml version="1.0" encoding="UTF-8"?>
<testng-results ignored="0" total="1" passed="1" failed="0" skipped="0">
  <reporter-output>
  </reporter-output>
  <suite started-at="2021-11-20T15:50:29 IST" name="Suite" finished-at="2021-11-20T15:50:54 IST" duration-ms="25710">
    <groups>
    </groups>
    <test started-at="2021-11-20T15:50:29 IST" name="Test" finished-at="2021-11-20T15:50:54 IST" duration-ms="25710">
      <class name="com.gcreddyClasses.selenium.LoggerClass.Dress_Selection">
        <test-method is-config="true" signature="intiliaseFiles()[pri:0, instance:com.gcreddyClasses.selenium.LoggerClass.Dress_Selection@ea6147e]" started-at="2021-11-20T15:50:28 IST" name="intiliaseFiles" finished-at="2021-11-20T15:50:29 IST" duration-ms="351" status="PASS">
          <reporter-output>
          </reporter-output>
        </test-method> <!-- intiliaseFiles -->
        <test-method is-config="true" signature="loginActions_validData()[pri:0, instance:com.gcreddyClasses.selenium.LoggerClass.Dress_Selection@ea6147e]" started-at="2021-11-20T15:50:29 IST" name="loginActions_validData" finished-at="2021-11-20T15:50:54 IST" duration-ms="25136" status="PASS">
          <reporter-output>
          </reporter-output>
        </test-method> <!-- loginActions_validData -->
        <test-method signature="DressSelection()[pri:0, instance:com.gcreddyClasses.selenium.LoggerClass.Dress_Selection@ea6147e]" started-at="2021-11-20T15:50:54 IST" name="DressSelection" finished-at="2021-11-20T15:50:54 IST" duration-ms="7" status="PASS">
          <reporter-output>
          </reporter-output>
        </test-method> <!-- DressSelection -->
        <test-method is-config="true" signature="endTest()[pri:0, instance:com.gcreddyClasses.selenium.LoggerClass.Dress_Selection@ea6147e]" started-at="2021-11-20T15:50:54 IST" name="endTest" finished-at="2021-11-20T15:50:54 IST" duration-ms="3" status="PASS">
          <reporter-output>
          </reporter-output>
        </test-method> <!-- endTest -->
        <test-method is-config="true" signature="FLushReports()[pri:0, instance:com.gcreddyClasses.selenium.LoggerClass.Dress_Selection@ea6147e]" started-at="2021-11-20T15:50:54 IST" name="FLushReports" finished-at="2021-11-20T15:50:54 IST" duration-ms="504" status="PASS">
          <reporter-output>
          </reporter-output>
        </test-method> <!-- FLushReports -->
      </class> <!-- com.gcreddyClasses.selenium.LoggerClass.Dress_Selection -->
    </test> <!-- Test -->
  </suite> <!-- Suite -->
</testng-results>
